2022/07/09 07:39:33 [notice] 1#1: using the "epoll" event method
2022/07/09 07:39:33 [notice] 1#1: nginx/1.23.0
2022/07/09 07:39:33 [notice] 1#1: built by gcc 10.2.1 20210110 (Debian 10.2.1-6) 
2022/07/09 07:39:33 [notice] 1#1: OS: Linux 5.10.104-linuxkit
2022/07/09 07:39:33 [notice] 1#1: getrlimit(RLIMIT_NOFILE): 1048576:1048576
2022/07/09 07:39:33 [notice] 1#1: start worker processes
2022/07/09 07:39:33 [notice] 1#1: start worker process 22
2022/07/09 07:39:33 [notice] 1#1: start worker process 23
2022/07/09 07:45:04 [notice] 1#1: using the "epoll" event method
2022/07/09 07:45:04 [notice] 1#1: nginx/1.23.0
2022/07/09 07:45:04 [notice] 1#1: built by gcc 10.2.1 20210110 (Debian 10.2.1-6) 
2022/07/09 07:45:04 [notice] 1#1: OS: Linux 5.10.104-linuxkit
2022/07/09 07:45:04 [notice] 1#1: getrlimit(RLIMIT_NOFILE): 1048576:1048576
2022/07/09 07:45:04 [notice] 1#1: start worker processes
2022/07/09 07:45:04 [notice] 1#1: start worker process 22
2022/07/09 07:45:04 [notice] 1#1: start worker process 23
2022/07/09 07:47:07 [notice] 1#1: using the "epoll" event method
2022/07/09 07:47:07 [notice] 1#1: nginx/1.23.0
2022/07/09 07:47:07 [notice] 1#1: built by gcc 10.2.1 20210110 (Debian 10.2.1-6) 
2022/07/09 07:47:07 [notice] 1#1: OS: Linux 5.10.104-linuxkit
2022/07/09 07:47:07 [notice] 1#1: getrlimit(RLIMIT_NOFILE): 1048576:1048576
2022/07/09 07:47:07 [notice] 1#1: start worker processes
2022/07/09 07:47:07 [notice] 1#1: start worker process 22
2022/07/09 07:47:07 [notice] 1#1: start worker process 23
2022/07/09 07:48:22 [notice] 1#1: using the "epoll" event method
2022/07/09 07:48:22 [notice] 1#1: nginx/1.23.0
2022/07/09 07:48:22 [notice] 1#1: built by gcc 10.2.1 20210110 (Debian 10.2.1-6) 
2022/07/09 07:48:22 [notice] 1#1: OS: Linux 5.10.104-linuxkit
2022/07/09 07:48:22 [notice] 1#1: getrlimit(RLIMIT_NOFILE): 1048576:1048576
2022/07/09 07:48:22 [notice] 1#1: start worker processes
2022/07/09 07:48:22 [notice] 1#1: start worker process 22
2022/07/09 07:48:22 [notice] 1#1: start worker process 23
2022/07/09 20:49:07 [error] 23#23: *1 connect() failed (111: Connection refused) while connecting to upstream, client: 172.18.0.1, server: localhost, request: "GET / HTTP/1.1", upstream: "uwsgi://172.18.0.4:8000", host: "127.0.0.1"
2022/07/09 20:49:07 [error] 23#23: *1 connect() failed (111: Connection refused) while connecting to upstream, client: 172.18.0.1, server: localhost, request: "GET /favicon.ico HTTP/1.1", upstream: "uwsgi://172.18.0.4:8000", host: "127.0.0.1", referrer: "http://127.0.0.1/"
2022/07/09 20:49:13 [error] 23#23: *1 connect() failed (111: Connection refused) while connecting to upstream, client: 172.18.0.1, server: localhost, request: "GET / HTTP/1.1", upstream: "uwsgi://172.18.0.4:8000", host: "127.0.0.1"
2022/07/09 20:49:14 [error] 23#23: *1 connect() failed (111: Connection refused) while connecting to upstream, client: 172.18.0.1, server: localhost, request: "GET /favicon.ico HTTP/1.1", upstream: "uwsgi://172.18.0.4:8000", host: "127.0.0.1", referrer: "http://127.0.0.1/"
2022/07/09 20:49:51 [error] 23#23: *8 connect() failed (111: Connection refused) while connecting to upstream, client: 172.18.0.1, server: localhost, request: "GET / HTTP/1.1", upstream: "uwsgi://172.18.0.4:8000", host: "0.0.0.0"
2022/07/09 20:49:51 [error] 23#23: *8 connect() failed (111: Connection refused) while connecting to upstream, client: 172.18.0.1, server: localhost, request: "GET /favicon.ico HTTP/1.1", upstream: "uwsgi://172.18.0.4:8000", host: "0.0.0.0", referrer: "http://0.0.0.0/"
2022/07/09 20:58:20 [notice] 1#1: signal 3 (SIGQUIT) received, shutting down
2022/07/09 20:58:20 [notice] 23#23: gracefully shutting down
2022/07/09 20:58:20 [notice] 22#22: gracefully shutting down
2022/07/09 20:58:20 [notice] 22#22: exiting
2022/07/09 20:58:20 [notice] 22#22: exit
2022/07/09 20:58:20 [notice] 23#23: exiting
2022/07/09 20:58:20 [notice] 23#23: exit
2022/07/09 20:58:20 [notice] 1#1: signal 17 (SIGCHLD) received from 23
2022/07/09 20:58:20 [notice] 1#1: worker process 23 exited with code 0
2022/07/09 20:58:20 [notice] 1#1: signal 29 (SIGIO) received
2022/07/09 20:58:20 [notice] 1#1: signal 17 (SIGCHLD) received from 22
2022/07/09 20:58:20 [notice] 1#1: worker process 22 exited with code 0
2022/07/09 20:58:20 [notice] 1#1: exit
2022/07/09 21:01:07 [notice] 1#1: using the "epoll" event method
2022/07/09 21:01:07 [notice] 1#1: nginx/1.23.0
2022/07/09 21:01:07 [notice] 1#1: built by gcc 10.2.1 20210110 (Debian 10.2.1-6) 
2022/07/09 21:01:07 [notice] 1#1: OS: Linux 5.10.104-linuxkit
2022/07/09 21:01:07 [notice] 1#1: getrlimit(RLIMIT_NOFILE): 1048576:1048576
2022/07/09 21:01:07 [notice] 1#1: start worker processes
2022/07/09 21:01:07 [notice] 1#1: start worker process 22
2022/07/09 21:01:07 [notice] 1#1: start worker process 23
2022/07/09 21:44:14 [notice] 1#1: using the "epoll" event method
2022/07/09 21:44:14 [notice] 1#1: nginx/1.23.0
2022/07/09 21:44:14 [notice] 1#1: built by gcc 10.2.1 20210110 (Debian 10.2.1-6) 
2022/07/09 21:44:14 [notice] 1#1: OS: Linux 5.10.104-linuxkit
2022/07/09 21:44:14 [notice] 1#1: getrlimit(RLIMIT_NOFILE): 1048576:1048576
2022/07/09 21:44:14 [notice] 1#1: start worker processes
2022/07/09 21:44:14 [notice] 1#1: start worker process 22
2022/07/09 21:44:14 [notice] 1#1: start worker process 23
2022/07/09 22:00:11 [notice] 1#1: signal 3 (SIGQUIT) received, shutting down
2022/07/09 22:00:11 [notice] 23#23: gracefully shutting down
2022/07/09 22:00:11 [notice] 23#23: exiting
2022/07/09 22:00:11 [notice] 22#22: gracefully shutting down
2022/07/09 22:00:11 [notice] 23#23: exit
2022/07/09 22:00:11 [notice] 22#22: exiting
2022/07/09 22:00:11 [notice] 22#22: exit
2022/07/09 22:00:11 [notice] 1#1: signal 17 (SIGCHLD) received from 23
2022/07/09 22:00:11 [notice] 1#1: worker process 23 exited with code 0
2022/07/09 22:00:11 [notice] 1#1: signal 29 (SIGIO) received
2022/07/09 22:00:11 [notice] 1#1: signal 17 (SIGCHLD) received from 22
2022/07/09 22:00:11 [notice] 1#1: worker process 22 exited with code 0
2022/07/09 22:00:11 [notice] 1#1: exit
2022/07/09 22:10:51 [notice] 1#1: using the "epoll" event method
2022/07/09 22:10:51 [notice] 1#1: nginx/1.23.0
2022/07/09 22:10:51 [notice] 1#1: built by gcc 10.2.1 20210110 (Debian 10.2.1-6) 
2022/07/09 22:10:51 [notice] 1#1: OS: Linux 5.10.104-linuxkit
2022/07/09 22:10:51 [notice] 1#1: getrlimit(RLIMIT_NOFILE): 1048576:1048576
2022/07/09 22:10:51 [notice] 1#1: start worker processes
2022/07/09 22:10:51 [notice] 1#1: start worker process 22
2022/07/09 22:10:51 [notice] 1#1: start worker process 23
2022/07/09 22:41:34 [notice] 1#1: signal 3 (SIGQUIT) received, shutting down
2022/07/09 22:41:34 [notice] 22#22: gracefully shutting down
2022/07/09 22:41:34 [notice] 22#22: exiting
2022/07/09 22:41:34 [notice] 23#23: gracefully shutting down
2022/07/09 22:41:34 [notice] 23#23: exiting
2022/07/09 22:41:34 [notice] 22#22: exit
2022/07/09 22:41:34 [notice] 23#23: exit
2022/07/09 22:41:34 [notice] 1#1: signal 17 (SIGCHLD) received from 22
2022/07/09 22:41:34 [notice] 1#1: worker process 22 exited with code 0
2022/07/09 22:41:34 [notice] 1#1: signal 29 (SIGIO) received
2022/07/09 22:41:34 [notice] 1#1: signal 17 (SIGCHLD) received from 23
2022/07/09 22:41:34 [notice] 1#1: worker process 23 exited with code 0
2022/07/09 22:41:34 [notice] 1#1: exit
2022/07/09 22:41:38 [notice] 1#1: using the "epoll" event method
2022/07/09 22:41:38 [notice] 1#1: nginx/1.23.0
2022/07/09 22:41:38 [notice] 1#1: built by gcc 10.2.1 20210110 (Debian 10.2.1-6) 
2022/07/09 22:41:38 [notice] 1#1: OS: Linux 5.10.104-linuxkit
2022/07/09 22:41:38 [notice] 1#1: getrlimit(RLIMIT_NOFILE): 1048576:1048576
2022/07/09 22:41:38 [notice] 1#1: start worker processes
2022/07/09 22:41:38 [notice] 1#1: start worker process 22
2022/07/09 22:41:38 [notice] 1#1: start worker process 23
2022/07/09 23:01:12 [notice] 1#1: using the "epoll" event method
2022/07/09 23:01:12 [notice] 1#1: nginx/1.23.0
2022/07/09 23:01:12 [notice] 1#1: built by gcc 10.2.1 20210110 (Debian 10.2.1-6) 
2022/07/09 23:01:12 [notice] 1#1: OS: Linux 5.10.104-linuxkit
2022/07/09 23:01:12 [notice] 1#1: getrlimit(RLIMIT_NOFILE): 1048576:1048576
2022/07/09 23:01:12 [notice] 1#1: start worker processes
2022/07/09 23:01:12 [notice] 1#1: start worker process 22
2022/07/09 23:01:12 [notice] 1#1: start worker process 23
2022/07/09 23:09:08 [notice] 1#1: signal 3 (SIGQUIT) received, shutting down
2022/07/09 23:09:08 [notice] 23#23: gracefully shutting down
2022/07/09 23:09:08 [notice] 23#23: exiting
2022/07/09 23:09:08 [notice] 22#22: gracefully shutting down
2022/07/09 23:09:08 [notice] 22#22: exiting
2022/07/09 23:09:08 [notice] 23#23: exit
2022/07/09 23:09:08 [notice] 22#22: exit
2022/07/09 23:09:09 [notice] 1#1: signal 17 (SIGCHLD) received from 23
2022/07/09 23:09:09 [notice] 1#1: worker process 23 exited with code 0
2022/07/09 23:09:09 [notice] 1#1: signal 17 (SIGCHLD) received from 22
2022/07/09 23:09:09 [notice] 1#1: worker process 22 exited with code 0
2022/07/09 23:09:09 [notice] 1#1: exit
2022/07/10 00:06:37 [notice] 1#1: using the "epoll" event method
2022/07/10 00:06:37 [notice] 1#1: nginx/1.23.0
2022/07/10 00:06:37 [notice] 1#1: built by gcc 10.2.1 20210110 (Debian 10.2.1-6) 
2022/07/10 00:06:37 [notice] 1#1: OS: Linux 5.10.104-linuxkit
2022/07/10 00:06:37 [notice] 1#1: getrlimit(RLIMIT_NOFILE): 1048576:1048576
2022/07/10 00:06:37 [notice] 1#1: start worker processes
2022/07/10 00:06:37 [notice] 1#1: start worker process 22
2022/07/10 00:06:37 [notice] 1#1: start worker process 23
2022/07/10 01:18:26 [notice] 1#1: signal 3 (SIGQUIT) received, shutting down
2022/07/10 01:18:26 [notice] 22#22: gracefully shutting down
2022/07/10 01:18:26 [notice] 22#22: exiting
2022/07/10 01:18:26 [notice] 23#23: gracefully shutting down
2022/07/10 01:18:26 [notice] 22#22: exit
2022/07/10 01:18:26 [notice] 23#23: exiting
2022/07/10 01:18:26 [notice] 23#23: exit
2022/07/10 01:18:26 [notice] 1#1: signal 17 (SIGCHLD) received from 22
2022/07/10 01:18:26 [notice] 1#1: worker process 22 exited with code 0
2022/07/10 01:18:26 [notice] 1#1: signal 29 (SIGIO) received
2022/07/10 01:18:26 [notice] 1#1: signal 17 (SIGCHLD) received from 23
2022/07/10 01:18:26 [notice] 1#1: worker process 23 exited with code 0
2022/07/10 01:18:26 [notice] 1#1: exit
2022/07/10 01:20:12 [notice] 1#1: using the "epoll" event method
2022/07/10 01:20:12 [notice] 1#1: nginx/1.23.0
2022/07/10 01:20:12 [notice] 1#1: built by gcc 10.2.1 20210110 (Debian 10.2.1-6) 
2022/07/10 01:20:12 [notice] 1#1: OS: Linux 5.10.104-linuxkit
2022/07/10 01:20:12 [notice] 1#1: getrlimit(RLIMIT_NOFILE): 1048576:1048576
2022/07/10 01:20:12 [notice] 1#1: start worker processes
2022/07/10 01:20:12 [notice] 1#1: start worker process 21
2022/07/10 01:20:12 [notice] 1#1: start worker process 22
2022/07/10 01:26:36 [notice] 1#1: signal 3 (SIGQUIT) received, shutting down
2022/07/10 01:26:36 [notice] 22#22: gracefully shutting down
2022/07/10 01:26:36 [notice] 22#22: exiting
2022/07/10 01:26:36 [notice] 21#21: gracefully shutting down
2022/07/10 01:26:36 [notice] 21#21: exiting
2022/07/10 01:26:36 [notice] 22#22: exit
2022/07/10 01:26:36 [notice] 21#21: exit
2022/07/10 01:26:36 [notice] 1#1: signal 17 (SIGCHLD) received from 22
2022/07/10 01:26:36 [notice] 1#1: worker process 22 exited with code 0
2022/07/10 01:26:36 [notice] 1#1: worker process 21 exited with code 0
2022/07/10 01:26:36 [notice] 1#1: exit
2022/07/10 01:37:44 [notice] 1#1: using the "epoll" event method
2022/07/10 01:37:44 [notice] 1#1: nginx/1.23.0
2022/07/10 01:37:44 [notice] 1#1: built by gcc 10.2.1 20210110 (Debian 10.2.1-6) 
2022/07/10 01:37:44 [notice] 1#1: OS: Linux 5.10.104-linuxkit
2022/07/10 01:37:44 [notice] 1#1: getrlimit(RLIMIT_NOFILE): 1048576:1048576
2022/07/10 01:37:44 [notice] 1#1: start worker processes
2022/07/10 01:37:44 [notice] 1#1: start worker process 22
2022/07/10 01:37:44 [notice] 1#1: start worker process 23
2022/07/10 05:13:44 [notice] 1#1: signal 3 (SIGQUIT) received, shutting down
2022/07/10 05:13:44 [notice] 22#22: gracefully shutting down
2022/07/10 05:13:44 [notice] 22#22: exiting
2022/07/10 05:13:44 [notice] 23#23: gracefully shutting down
2022/07/10 05:13:44 [notice] 23#23: exiting
2022/07/10 05:13:44 [notice] 22#22: exit
2022/07/10 05:13:44 [notice] 23#23: exit
2022/07/10 05:13:44 [notice] 1#1: signal 17 (SIGCHLD) received from 22
2022/07/10 05:13:44 [notice] 1#1: worker process 22 exited with code 0
2022/07/10 05:13:44 [notice] 1#1: signal 29 (SIGIO) received
2022/07/10 05:13:44 [notice] 1#1: signal 17 (SIGCHLD) received from 23
2022/07/10 05:13:44 [notice] 1#1: worker process 23 exited with code 0
2022/07/10 05:13:44 [notice] 1#1: exit
2022/07/10 05:16:38 [notice] 1#1: using the "epoll" event method
2022/07/10 05:16:38 [notice] 1#1: nginx/1.23.0
2022/07/10 05:16:38 [notice] 1#1: built by gcc 10.2.1 20210110 (Debian 10.2.1-6) 
2022/07/10 05:16:38 [notice] 1#1: OS: Linux 5.10.104-linuxkit
2022/07/10 05:16:38 [notice] 1#1: getrlimit(RLIMIT_NOFILE): 1048576:1048576
2022/07/10 05:16:38 [notice] 1#1: start worker processes
2022/07/10 05:16:38 [notice] 1#1: start worker process 21
2022/07/10 05:16:38 [notice] 1#1: start worker process 22
2022/07/10 05:19:40 [notice] 1#1: signal 3 (SIGQUIT) received, shutting down
2022/07/10 05:19:40 [notice] 21#21: gracefully shutting down
2022/07/10 05:19:40 [notice] 21#21: exiting
2022/07/10 05:19:40 [notice] 22#22: gracefully shutting down
2022/07/10 05:19:40 [notice] 22#22: exiting
2022/07/10 05:19:40 [notice] 21#21: exit
2022/07/10 05:19:40 [notice] 22#22: exit
2022/07/10 05:19:40 [notice] 1#1: signal 17 (SIGCHLD) received from 22
2022/07/10 05:19:40 [notice] 1#1: worker process 22 exited with code 0
2022/07/10 05:19:40 [notice] 1#1: signal 29 (SIGIO) received
2022/07/10 05:19:40 [notice] 1#1: signal 17 (SIGCHLD) received from 21
2022/07/10 05:19:40 [notice] 1#1: worker process 21 exited with code 0
2022/07/10 05:19:40 [notice] 1#1: exit
2022/07/10 05:20:07 [notice] 1#1: using the "epoll" event method
2022/07/10 05:20:07 [notice] 1#1: nginx/1.23.0
2022/07/10 05:20:07 [notice] 1#1: built by gcc 10.2.1 20210110 (Debian 10.2.1-6) 
2022/07/10 05:20:07 [notice] 1#1: OS: Linux 5.10.104-linuxkit
2022/07/10 05:20:07 [notice] 1#1: getrlimit(RLIMIT_NOFILE): 1048576:1048576
2022/07/10 05:20:07 [notice] 1#1: start worker processes
2022/07/10 05:20:07 [notice] 1#1: start worker process 22
2022/07/10 05:20:07 [notice] 1#1: start worker process 23
2022/07/10 05:25:15 [notice] 1#1: signal 3 (SIGQUIT) received, shutting down
2022/07/10 05:25:15 [notice] 22#22: gracefully shutting down
2022/07/10 05:25:15 [notice] 22#22: exiting
2022/07/10 05:25:15 [notice] 23#23: gracefully shutting down
2022/07/10 05:25:15 [notice] 22#22: exit
2022/07/10 05:25:15 [notice] 23#23: exiting
2022/07/10 05:25:15 [notice] 23#23: exit
2022/07/10 05:25:15 [notice] 1#1: signal 17 (SIGCHLD) received from 22
2022/07/10 05:25:15 [notice] 1#1: worker process 22 exited with code 0
2022/07/10 05:25:15 [notice] 1#1: signal 17 (SIGCHLD) received from 23
2022/07/10 05:25:15 [notice] 1#1: worker process 23 exited with code 0
2022/07/10 05:25:15 [notice] 1#1: exit
2022/07/10 05:25:47 [notice] 1#1: using the "epoll" event method
2022/07/10 05:25:47 [notice] 1#1: nginx/1.23.0
2022/07/10 05:25:47 [notice] 1#1: built by gcc 10.2.1 20210110 (Debian 10.2.1-6) 
2022/07/10 05:25:47 [notice] 1#1: OS: Linux 5.10.104-linuxkit
2022/07/10 05:25:47 [notice] 1#1: getrlimit(RLIMIT_NOFILE): 1048576:1048576
2022/07/10 05:25:47 [notice] 1#1: start worker processes
2022/07/10 05:25:47 [notice] 1#1: start worker process 22
2022/07/10 05:25:47 [notice] 1#1: start worker process 23
2022/07/10 06:05:04 [error] 22#22: *1 connect() failed (111: Connection refused) while connecting to upstream, client: 172.18.0.1, server: localhost, request: "GET / HTTP/1.1", upstream: "uwsgi://172.18.0.4:8000", host: "localhost:8006"
2022/07/10 06:05:06 [error] 23#23: *3 connect() failed (111: Connection refused) while connecting to upstream, client: 172.18.0.1, server: localhost, request: "GET /favicon.ico HTTP/1.1", upstream: "uwsgi://172.18.0.4:8000", host: "localhost:8006", referrer: "http://localhost:8006/"
2022/07/10 07:10:45 [notice] 1#1: signal 3 (SIGQUIT) received, shutting down
2022/07/10 07:10:45 [notice] 23#23: gracefully shutting down
2022/07/10 07:10:45 [notice] 22#22: gracefully shutting down
2022/07/10 07:10:45 [notice] 23#23: exiting
2022/07/10 07:10:45 [notice] 22#22: exiting
2022/07/10 07:10:45 [notice] 22#22: exit
2022/07/10 07:10:45 [notice] 23#23: exit
2022/07/10 07:10:46 [notice] 1#1: signal 17 (SIGCHLD) received from 22
2022/07/10 07:10:46 [notice] 1#1: worker process 22 exited with code 0
2022/07/10 07:10:46 [notice] 1#1: signal 29 (SIGIO) received
2022/07/10 07:10:46 [notice] 1#1: signal 17 (SIGCHLD) received from 23
2022/07/10 07:10:46 [notice] 1#1: worker process 23 exited with code 0
2022/07/10 07:10:46 [notice] 1#1: exit
2022/07/10 07:19:14 [notice] 1#1: using the "epoll" event method
2022/07/10 07:19:14 [notice] 1#1: nginx/1.23.0
2022/07/10 07:19:14 [notice] 1#1: built by gcc 10.2.1 20210110 (Debian 10.2.1-6) 
2022/07/10 07:19:14 [notice] 1#1: OS: Linux 5.10.104-linuxkit
2022/07/10 07:19:14 [notice] 1#1: getrlimit(RLIMIT_NOFILE): 1048576:1048576
2022/07/10 07:19:14 [notice] 1#1: start worker processes
2022/07/10 07:19:14 [notice] 1#1: start worker process 22
2022/07/10 07:19:14 [notice] 1#1: start worker process 23
2022/07/10 07:49:35 [notice] 1#1: signal 3 (SIGQUIT) received, shutting down
2022/07/10 07:49:35 [notice] 22#22: gracefully shutting down
2022/07/10 07:49:35 [notice] 22#22: exiting
2022/07/10 07:49:35 [notice] 23#23: gracefully shutting down
2022/07/10 07:49:35 [notice] 22#22: exit
2022/07/10 07:49:35 [notice] 23#23: exiting
2022/07/10 07:49:35 [notice] 23#23: exit
2022/07/10 07:49:35 [notice] 1#1: signal 17 (SIGCHLD) received from 22
2022/07/10 07:49:35 [notice] 1#1: worker process 22 exited with code 0
2022/07/10 07:49:35 [notice] 1#1: signal 29 (SIGIO) received
2022/07/10 07:49:35 [notice] 1#1: signal 17 (SIGCHLD) received from 23
2022/07/10 07:49:35 [notice] 1#1: worker process 23 exited with code 0
2022/07/10 07:49:35 [notice] 1#1: exit
2022/07/10 07:49:54 [notice] 1#1: using the "epoll" event method
2022/07/10 07:49:54 [notice] 1#1: nginx/1.23.0
2022/07/10 07:49:54 [notice] 1#1: built by gcc 10.2.1 20210110 (Debian 10.2.1-6) 
2022/07/10 07:49:54 [notice] 1#1: OS: Linux 5.10.104-linuxkit
2022/07/10 07:49:54 [notice] 1#1: getrlimit(RLIMIT_NOFILE): 1048576:1048576
2022/07/10 07:49:54 [notice] 1#1: start worker processes
2022/07/10 07:49:54 [notice] 1#1: start worker process 22
2022/07/10 07:49:54 [notice] 1#1: start worker process 23
2022/07/10 07:52:21 [notice] 1#1: using the "epoll" event method
2022/07/10 07:52:21 [notice] 1#1: nginx/1.23.0
2022/07/10 07:52:21 [notice] 1#1: built by gcc 10.2.1 20210110 (Debian 10.2.1-6) 
2022/07/10 07:52:21 [notice] 1#1: OS: Linux 5.10.104-linuxkit
2022/07/10 07:52:21 [notice] 1#1: getrlimit(RLIMIT_NOFILE): 1048576:1048576
2022/07/10 07:52:21 [notice] 1#1: start worker processes
2022/07/10 07:52:21 [notice] 1#1: start worker process 22
2022/07/10 07:52:21 [notice] 1#1: start worker process 23
2022/07/10 07:52:47 [notice] 1#1: signal 3 (SIGQUIT) received, shutting down
2022/07/10 07:52:47 [notice] 22#22: gracefully shutting down
2022/07/10 07:52:47 [notice] 22#22: exiting
2022/07/10 07:52:47 [notice] 23#23: gracefully shutting down
2022/07/10 07:52:47 [notice] 22#22: exit
2022/07/10 07:52:47 [notice] 23#23: exiting
2022/07/10 07:52:47 [notice] 23#23: exit
2022/07/10 07:52:47 [notice] 1#1: signal 17 (SIGCHLD) received from 22
2022/07/10 07:52:47 [notice] 1#1: worker process 22 exited with code 0
2022/07/10 07:52:47 [notice] 1#1: signal 29 (SIGIO) received
2022/07/10 07:52:47 [notice] 1#1: signal 17 (SIGCHLD) received from 23
2022/07/10 07:52:47 [notice] 1#1: worker process 23 exited with code 0
2022/07/10 07:52:47 [notice] 1#1: exit
2022/07/10 07:54:55 [notice] 1#1: using the "epoll" event method
2022/07/10 07:54:55 [notice] 1#1: nginx/1.23.0
2022/07/10 07:54:55 [notice] 1#1: built by gcc 10.2.1 20210110 (Debian 10.2.1-6) 
2022/07/10 07:54:55 [notice] 1#1: OS: Linux 5.10.104-linuxkit
2022/07/10 07:54:55 [notice] 1#1: getrlimit(RLIMIT_NOFILE): 1048576:1048576
2022/07/10 07:54:55 [notice] 1#1: start worker processes
2022/07/10 07:54:55 [notice] 1#1: start worker process 22
2022/07/10 07:54:55 [notice] 1#1: start worker process 23
2022/07/10 07:55:56 [notice] 1#1: signal 3 (SIGQUIT) received, shutting down
2022/07/10 07:55:56 [notice] 22#22: gracefully shutting down
2022/07/10 07:55:56 [notice] 22#22: exiting
2022/07/10 07:55:56 [notice] 23#23: gracefully shutting down
2022/07/10 07:55:56 [notice] 22#22: exit
2022/07/10 07:55:56 [notice] 23#23: exiting
2022/07/10 07:55:56 [notice] 23#23: exit
2022/07/10 07:55:56 [notice] 1#1: signal 17 (SIGCHLD) received from 22
2022/07/10 07:55:56 [notice] 1#1: worker process 22 exited with code 0
2022/07/10 07:55:56 [notice] 1#1: signal 29 (SIGIO) received
2022/07/10 07:55:56 [notice] 1#1: signal 17 (SIGCHLD) received from 23
2022/07/10 07:55:56 [notice] 1#1: worker process 23 exited with code 0
2022/07/10 07:55:56 [notice] 1#1: exit
2022/07/10 07:56:20 [notice] 1#1: using the "epoll" event method
2022/07/10 07:56:20 [notice] 1#1: nginx/1.23.0
2022/07/10 07:56:20 [notice] 1#1: built by gcc 10.2.1 20210110 (Debian 10.2.1-6) 
2022/07/10 07:56:20 [notice] 1#1: OS: Linux 5.10.104-linuxkit
2022/07/10 07:56:20 [notice] 1#1: getrlimit(RLIMIT_NOFILE): 1048576:1048576
2022/07/10 07:56:20 [notice] 1#1: start worker processes
2022/07/10 07:56:20 [notice] 1#1: start worker process 21
2022/07/10 07:56:20 [notice] 1#1: start worker process 22
2022/07/10 07:57:34 [notice] 1#1: signal 3 (SIGQUIT) received, shutting down
2022/07/10 07:57:34 [notice] 21#21: gracefully shutting down
2022/07/10 07:57:34 [notice] 21#21: exiting
2022/07/10 07:57:34 [notice] 22#22: gracefully shutting down
2022/07/10 07:57:34 [notice] 22#22: exiting
2022/07/10 07:57:34 [notice] 21#21: exit
2022/07/10 07:57:34 [notice] 22#22: exit
2022/07/10 07:57:34 [notice] 1#1: signal 17 (SIGCHLD) received from 21
2022/07/10 07:57:34 [notice] 1#1: worker process 21 exited with code 0
2022/07/10 07:57:34 [notice] 1#1: signal 29 (SIGIO) received
2022/07/10 07:57:34 [notice] 1#1: signal 17 (SIGCHLD) received from 22
2022/07/10 07:57:34 [notice] 1#1: worker process 22 exited with code 0
2022/07/10 07:57:34 [notice] 1#1: exit
2022/07/10 07:58:05 [notice] 1#1: using the "epoll" event method
2022/07/10 07:58:05 [notice] 1#1: nginx/1.23.0
2022/07/10 07:58:05 [notice] 1#1: built by gcc 10.2.1 20210110 (Debian 10.2.1-6) 
2022/07/10 07:58:05 [notice] 1#1: OS: Linux 5.10.104-linuxkit
2022/07/10 07:58:05 [notice] 1#1: getrlimit(RLIMIT_NOFILE): 1048576:1048576
2022/07/10 07:58:05 [notice] 1#1: start worker processes
2022/07/10 07:58:05 [notice] 1#1: start worker process 22
2022/07/10 07:58:05 [notice] 1#1: start worker process 23
2022/07/10 07:58:35 [notice] 1#1: signal 3 (SIGQUIT) received, shutting down
2022/07/10 07:58:35 [notice] 22#22: gracefully shutting down
2022/07/10 07:58:35 [notice] 22#22: exiting
2022/07/10 07:58:35 [notice] 23#23: gracefully shutting down
2022/07/10 07:58:35 [notice] 22#22: exit
2022/07/10 07:58:35 [notice] 23#23: exiting
2022/07/10 07:58:35 [notice] 23#23: exit
2022/07/10 07:58:35 [notice] 1#1: signal 17 (SIGCHLD) received from 22
2022/07/10 07:58:35 [notice] 1#1: worker process 22 exited with code 0
2022/07/10 07:58:35 [notice] 1#1: signal 29 (SIGIO) received
2022/07/10 07:58:35 [notice] 1#1: signal 17 (SIGCHLD) received from 23
2022/07/10 07:58:35 [notice] 1#1: worker process 23 exited with code 0
2022/07/10 07:58:35 [notice] 1#1: exit
2022/07/10 08:03:12 [notice] 1#1: using the "epoll" event method
2022/07/10 08:03:12 [notice] 1#1: nginx/1.23.0
2022/07/10 08:03:12 [notice] 1#1: built by gcc 10.2.1 20210110 (Debian 10.2.1-6) 
2022/07/10 08:03:12 [notice] 1#1: OS: Linux 5.10.104-linuxkit
2022/07/10 08:03:12 [notice] 1#1: getrlimit(RLIMIT_NOFILE): 1048576:1048576
2022/07/10 08:03:12 [notice] 1#1: start worker processes
2022/07/10 08:03:12 [notice] 1#1: start worker process 22
2022/07/10 08:03:12 [notice] 1#1: start worker process 23
2022/07/10 08:03:45 [notice] 1#1: signal 3 (SIGQUIT) received, shutting down
2022/07/10 08:03:45 [notice] 23#23: gracefully shutting down
2022/07/10 08:03:45 [notice] 22#22: gracefully shutting down
2022/07/10 08:03:45 [notice] 23#23: exiting
2022/07/10 08:03:45 [notice] 22#22: exiting
2022/07/10 08:03:45 [notice] 23#23: exit
2022/07/10 08:03:45 [notice] 22#22: exit
2022/07/10 08:03:45 [notice] 1#1: signal 17 (SIGCHLD) received from 23
2022/07/10 08:03:45 [notice] 1#1: worker process 23 exited with code 0
2022/07/10 08:03:45 [notice] 1#1: worker process 22 exited with code 0
2022/07/10 08:03:45 [notice] 1#1: exit
2022/07/10 08:10:27 [notice] 1#1: using the "epoll" event method
2022/07/10 08:10:27 [notice] 1#1: nginx/1.23.0
2022/07/10 08:10:27 [notice] 1#1: built by gcc 10.2.1 20210110 (Debian 10.2.1-6) 
2022/07/10 08:10:27 [notice] 1#1: OS: Linux 5.10.104-linuxkit
2022/07/10 08:10:27 [notice] 1#1: getrlimit(RLIMIT_NOFILE): 1048576:1048576
2022/07/10 08:10:27 [notice] 1#1: start worker processes
2022/07/10 08:10:27 [notice] 1#1: start worker process 22
2022/07/10 08:10:27 [notice] 1#1: start worker process 23
2022/07/10 08:12:07 [notice] 1#1: signal 3 (SIGQUIT) received, shutting down
2022/07/10 08:12:07 [notice] 22#22: gracefully shutting down
2022/07/10 08:12:07 [notice] 22#22: exiting
2022/07/10 08:12:07 [notice] 23#23: gracefully shutting down
2022/07/10 08:12:07 [notice] 22#22: exit
2022/07/10 08:12:07 [notice] 23#23: exiting
2022/07/10 08:12:07 [notice] 23#23: exit
2022/07/10 08:12:07 [notice] 1#1: signal 17 (SIGCHLD) received from 22
2022/07/10 08:12:07 [notice] 1#1: worker process 22 exited with code 0
2022/07/10 08:12:07 [notice] 1#1: signal 17 (SIGCHLD) received from 23
2022/07/10 08:12:07 [notice] 1#1: worker process 23 exited with code 0
2022/07/10 08:12:07 [notice] 1#1: exit
2022/07/10 08:14:29 [notice] 1#1: using the "epoll" event method
2022/07/10 08:14:29 [notice] 1#1: nginx/1.23.0
2022/07/10 08:14:29 [notice] 1#1: built by gcc 10.2.1 20210110 (Debian 10.2.1-6) 
2022/07/10 08:14:29 [notice] 1#1: OS: Linux 5.10.104-linuxkit
2022/07/10 08:14:29 [notice] 1#1: getrlimit(RLIMIT_NOFILE): 1048576:1048576
2022/07/10 08:14:29 [notice] 1#1: start worker processes
2022/07/10 08:14:29 [notice] 1#1: start worker process 22
2022/07/10 08:14:29 [notice] 1#1: start worker process 23
2022/07/10 20:51:28 [notice] 1#1: signal 3 (SIGQUIT) received, shutting down
2022/07/10 20:51:28 [notice] 22#22: gracefully shutting down
2022/07/10 20:51:28 [notice] 22#22: exiting
2022/07/10 20:51:28 [notice] 23#23: gracefully shutting down
2022/07/10 20:51:28 [notice] 22#22: exit
2022/07/10 20:51:28 [notice] 23#23: exiting
2022/07/10 20:51:28 [notice] 23#23: exit
2022/07/10 20:51:28 [notice] 1#1: signal 17 (SIGCHLD) received from 22
2022/07/10 20:51:28 [notice] 1#1: worker process 22 exited with code 0
2022/07/10 20:51:28 [notice] 1#1: signal 29 (SIGIO) received
2022/07/10 20:51:28 [notice] 1#1: signal 17 (SIGCHLD) received from 23
2022/07/10 20:51:28 [notice] 1#1: worker process 23 exited with code 0
2022/07/10 20:51:28 [notice] 1#1: exit
2022/07/15 23:35:21 [notice] 1#1: using the "epoll" event method
2022/07/15 23:35:21 [notice] 1#1: nginx/1.23.0
2022/07/15 23:35:21 [notice] 1#1: built by gcc 10.2.1 20210110 (Debian 10.2.1-6) 
2022/07/15 23:35:21 [notice] 1#1: OS: Linux 5.10.104-linuxkit
2022/07/15 23:35:21 [notice] 1#1: getrlimit(RLIMIT_NOFILE): 1048576:1048576
2022/07/15 23:35:21 [notice] 1#1: start worker processes
2022/07/15 23:35:21 [notice] 1#1: start worker process 21
2022/07/15 23:35:21 [notice] 1#1: start worker process 22
2022/07/16 00:01:49 [notice] 1#1: signal 3 (SIGQUIT) received, shutting down
2022/07/16 00:01:49 [notice] 21#21: gracefully shutting down
2022/07/16 00:01:49 [notice] 21#21: exiting
2022/07/16 00:01:49 [notice] 22#22: gracefully shutting down
2022/07/16 00:01:49 [notice] 21#21: exit
2022/07/16 00:01:49 [notice] 22#22: exiting
2022/07/16 00:01:49 [notice] 22#22: exit
2022/07/16 00:01:49 [notice] 1#1: signal 17 (SIGCHLD) received from 21
2022/07/16 00:01:49 [notice] 1#1: worker process 21 exited with code 0
2022/07/16 00:01:49 [notice] 1#1: signal 29 (SIGIO) received
2022/07/16 00:01:49 [notice] 1#1: signal 17 (SIGCHLD) received from 22
2022/07/16 00:01:49 [notice] 1#1: worker process 22 exited with code 0
2022/07/16 00:01:49 [notice] 1#1: exit
2022/07/16 00:02:15 [notice] 1#1: using the "epoll" event method
2022/07/16 00:02:15 [notice] 1#1: nginx/1.23.0
2022/07/16 00:02:15 [notice] 1#1: built by gcc 10.2.1 20210110 (Debian 10.2.1-6) 
2022/07/16 00:02:15 [notice] 1#1: OS: Linux 5.10.104-linuxkit
2022/07/16 00:02:15 [notice] 1#1: getrlimit(RLIMIT_NOFILE): 1048576:1048576
2022/07/16 00:02:15 [notice] 1#1: start worker processes
2022/07/16 00:02:15 [notice] 1#1: start worker process 23
2022/07/16 00:02:15 [notice] 1#1: start worker process 24
2022/07/16 00:03:35 [notice] 1#1: signal 3 (SIGQUIT) received, shutting down
2022/07/16 00:03:35 [notice] 23#23: gracefully shutting down
2022/07/16 00:03:35 [notice] 23#23: exiting
2022/07/16 00:03:35 [notice] 24#24: gracefully shutting down
2022/07/16 00:03:35 [notice] 23#23: exit
2022/07/16 00:03:35 [notice] 24#24: exiting
2022/07/16 00:03:35 [notice] 24#24: exit
2022/07/16 00:03:35 [notice] 1#1: signal 17 (SIGCHLD) received from 23
2022/07/16 00:03:35 [notice] 1#1: worker process 23 exited with code 0
2022/07/16 00:03:35 [notice] 1#1: signal 29 (SIGIO) received
2022/07/16 00:03:35 [notice] 1#1: signal 17 (SIGCHLD) received from 24
2022/07/16 00:03:35 [notice] 1#1: worker process 24 exited with code 0
2022/07/16 00:03:35 [notice] 1#1: exit
