*** Starting uWSGI 2.0.18 (64bit) on [Sun Jul 10 08:14:34 2022] ***
compiled with version: 10.2.1 20210110 on 10 July 2022 08:13:32
os: Linux-5.10.104-linuxkit #1 SMP Thu Mar 17 17:08:06 UTC 2022
nodename: bca54db9749d
machine: x86_64
clock source: unix
pcre jit disabled
detected number of CPU cores: 2
current working directory: /var/www/html/django_vue
writing pidfile to /tmp/django_vue-master.pid
detected binary path: /usr/local/bin/uwsgi
chdir() to /var/www/html/django_vue
your memory page size is 4096 bytes
 *** WARNING: you have enabled harakiri without post buffering. Slow upload could be rejected on post-unbuffered webservers *** 
detected max file descriptor number: 1048576
lock engine: pthread robust mutexes
thunder lock: disabled (you can enable it with --thunder-lock)
uwsgi socket 0 bound to TCP address 0.0.0.0:8000 fd 3
setgid() to 33
setuid() to 33
Python version: 3.9.13 (main, Jun 23 2022, 11:12:54)  [GCC 10.2.1 20210110]
*** Python threads support is disabled. You can enable it with --enable-threads ***
Python main interpreter initialized at 0x564a57e210a0
your server socket listen backlog is limited to 100 connections
your mercy for graceful operations on workers is 60 seconds
mapped 403077 bytes (393 KB) for 2 cores
*** Operational MODE: preforking ***
WSGI app 0 (mountpoint='') ready in 1 seconds on interpreter 0x564a57e210a0 pid: 16 (default app)
*** uWSGI is running in multiple interpreter mode ***
spawned uWSGI master process (pid: 16)
spawned uWSGI worker 1 (pid: 18, cores: 1)
spawned uWSGI worker 2 (pid: 19, cores: 1)
